phpstorm://open/?file=/var/www/modules/ss/-/src/Svc/Cats.php&line=204
--------------------------
phpstorm://open/?file=/var/www/modules/ss/-/src/Svc/Cats.php&line=204
/var/www/modules/ss/-/src/Svc/Cats.php

--------------------------
phpstorm://open/?file=/var/www/modules/ss/-/src/Svc/Cats.php&line=204
/var/www/modules/ss/-/src/Svc/Cats.php
/var/www/modules/ss/-/src/Svc/Cats.php

--------------------------
phpstorm://open/?file=/var/www/modules/ss/-/src/Svc/Cats.php&line=204
/var/www/modzules/ss/-/src/Svc/Cats.php
/home/fed/sites/td3/modules/ss/-/src/Svc/Cats.php

--------------------------
phpstorm://open/?file=/var/www/modules/ss/-/src/Svc/Cats.php&line=204
/var/www/modules/ss/-/src/Svc/Cats.php
/home/fed/sites/td3/modules/ss/-/src/Svc/Cats.php

--------------------------
phpstorm://open/?file=/var/www/modules/ss/-/src/Svc/Cats.php&line=204
/var/www/modules/ss/-/src/Svc/Cats.php
/home/fed/sites/td3/modules/ss/-/src/Svc/Cats.php

--------------------------
phpstorm://open/?file=/var/www/modules/ss/-/src/Svc/Cats.php&line=204
/var/www/modules/ss/-/src/Svc/Cats.php
/home/fed/sites/td3/modules/ss/-/src/Svc/Cats.php

--------------------------
phpstorm://open/?file=/var/www/modules/ss-commander/ui/panel/-/controllers/main/topBar.php&line=43
/var/www/modules/ss-commander/ui/panel/-/controllers/main/topBar.php
/home/fed/sites/td3/modules/ss-commander/ui/panel/-/controllers/main/topBar.php

--------------------------
phpstorm://open/?file=/var/www/modules/ewma-dev/ui/-/controllers/main/content/nodes.php&line=1
/var/www/modules/ewma-dev/ui/-/controllers/main/content/nodes.php
/home/fed/sites/td3/modules/ewma-dev/ui/-/controllers/main/content/nodes.php

--------------------------
phpstorm://open/?file=/home/td/sites/td3.crm/modules/projects/tdui/import2/-/controllers/postproc.php&line=1
/home/td/sites/td3.crm/modules/projects/tdui/import2/-/controllers/postproc.php
/home/fed/sites/td3/modules/projects/tdui/import2/-/controllers/postproc.php

--------------------------
phpstorm://open/?file=/home/td/sites/td3.crm/modules/std-files/ui/-/controllers/bar.php&line=1
/home/td/sites/td3.crm/modules/std-files/ui/-/controllers/bar.php
/home/fed/sites/td3/modules/std-files/ui/-/controllers/bar.php

